#
# A fatal error has been detected by the Java Runtime Environment:
#
# java.lang.OutOfMemoryError: requested 32756 bytes for ChunkPool::allocate. Out of swap space?
#
#  Internal Error (allocation.cpp:117), pid=1584, tid=988
#  Error: ChunkPool::allocate
#
# JRE version: 6.0_20-b02
# Java VM: Java HotSpot(TM) Client VM (16.3-b01 mixed mode windows-x86 )
# If you would like to submit a bug report, please visit:
#   http://java.sun.com/webapps/bugreport/crash.jsp
#

---------------  T H R E A D  ---------------

Current thread (0x0eb06c00):  JavaThread "CompilerThread0" daemon [_thread_in_native, id=988, stack(0x0edf0000,0x0ee40000)]

Stack: [0x0edf0000,0x0ee40000],  sp=0x0ee3f948,  free space=13e0ee3f958k
Native frames: (J=compiled Java code, j=interpreted, Vv=VM code, C=native code)
V  [jvm.dll+0x1f4180]
V  [jvm.dll+0xa1ebc]
V  [jvm.dll+0x27d6]
V  [jvm.dll+0x29d2]
V  [jvm.dll+0x2bd3]
V  [jvm.dll+0x19ee33]
V  [jvm.dll+0x89ac2]
V  [jvm.dll+0x156b4b]
V  [jvm.dll+0xa2125]
V  [jvm.dll+0xa2f11]
V  [jvm.dll+0x35baa]
V  [jvm.dll+0x35b9f]
V  [jvm.dll+0x35c4a]
V  [jvm.dll+0x3a3e7]
V  [jvm.dll+0x261ea]
V  [jvm.dll+0x39d8d]
V  [jvm.dll+0x39da9]
V  [jvm.dll+0x2792b]
V  [jvm.dll+0x27b90]
V  [jvm.dll+0x27c08]
V  [jvm.dll+0x27d71]
V  [jvm.dll+0x27e84]
V  [jvm.dll+0x86109]
V  [jvm.dll+0x86bef]
V  [jvm.dll+0x1ddb14]
V  [jvm.dll+0x17f96c]
C  [msvcr71.dll+0x9565]
C  [kernel32.dll+0xb50b]


Current CompileTask:
C1:379      pphys2d.phys2d.raw.collide.BoxBoxCollider.collide([Lpphys2d/phys2d/raw/Contact;Lpphys2d/phys2d/raw/Body;Lpphys2d/phys2d/raw/Body;)I (1239 bytes)


---------------  P R O C E S S  ---------------

Java Threads: ( => current thread )
  0x0faa6400 JavaThread "Thread-5" [_thread_in_vm, id=1552, stack(0x10280000,0x102d0000)]
  0x0fa9b800 JavaThread "Loger" [_thread_blocked, id=888, stack(0x10230000,0x10280000)]
  0x0fa95c00 JavaThread "SaveDialogMOD" [_thread_blocked, id=212, stack(0x101e0000,0x10230000)]
  0x0fa97400 JavaThread "Timer" [_thread_blocked, id=244, stack(0x10190000,0x101e0000)]
  0x0fa92400 JavaThread "Render" [_thread_blocked, id=1064, stack(0x10140000,0x10190000)]
  0x0fa93800 JavaThread "SaveDialogDIS" [_thread_blocked, id=112, stack(0x100f0000,0x10140000)]
  0x0fa8f800 JavaThread "Loger" [_thread_blocked, id=192, stack(0x100a0000,0x100f0000)]
  0x0fa8e800 JavaThread "MapPainter" [_thread_in_native, id=936, stack(0x10050000,0x100a0000)]
  0x0fa89c00 JavaThread "E" [_thread_blocked, id=1188, stack(0x10000000,0x10050000)]
  0x0fa86400 JavaThread "SaveDialogMOD" [_thread_blocked, id=816, stack(0x0ff70000,0x0ffc0000)]
  0x0fa84c00 JavaThread "Timer" [_thread_blocked, id=1108, stack(0x0ff20000,0x0ff70000)]
  0x0ef14000 JavaThread "Render" [_thread_blocked, id=1928, stack(0x0fed0000,0x0ff20000)]
  0x0fa81800 JavaThread "SaveDialogDIS" [_thread_blocked, id=272, stack(0x0fe80000,0x0fed0000)]
  0x0eb4f800 JavaThread "Loger" [_thread_blocked, id=1732, stack(0x0f9f0000,0x0fa40000)]
  0x0eb4b000 JavaThread "GameMenuMOD" [_thread_blocked, id=1740, stack(0x0f9a0000,0x0f9f0000)]
  0x0eb29000 JavaThread "Timer" [_thread_blocked, id=408, stack(0x0f950000,0x0f9a0000)]
  0x0eb32800 JavaThread "Render" [_thread_blocked, id=1652, stack(0x0f900000,0x0f950000)]
  0x0eb29800 JavaThread "GameMenuDIS" [_thread_blocked, id=472, stack(0x0f8b0000,0x0f900000)]
  0x0eb30400 JavaThread "Loger" [_thread_blocked, id=1576, stack(0x0f860000,0x0f8b0000)]
  0x0eb1b400 JavaThread "Manipulator" [_thread_blocked, id=1876, stack(0x0f810000,0x0f860000)]
  0x0f08f000 JavaThread "GameMOD" [_thread_blocked, id=1256, stack(0x0f7c0000,0x0f810000)]
  0x0f095400 JavaThread "Timer" [_thread_blocked, id=792, stack(0x0f770000,0x0f7c0000)]
  0x0f033c00 JavaThread "Render" [_thread_blocked, id=580, stack(0x0f720000,0x0f770000)]
  0x0f033400 JavaThread "GameDIS" [_thread_in_Java, id=1000, stack(0x0f6d0000,0x0f720000)]
  0x0f086c00 JavaThread "ArsenalAI" [_thread_blocked, id=372, stack(0x0f670000,0x0f6c0000)]
  0x0f092000 JavaThread "scenario" [_thread_blocked, id=224, stack(0x0f620000,0x0f670000)]
  0x0f091c00 JavaThread "Calc0" [_thread_blocked, id=796, stack(0x0f530000,0x0f580000)]
  0x0f091400 JavaThread "Calc0" [_thread_blocked, id=1848, stack(0x0f4e0000,0x0f530000)]
  0x0f081800 JavaThread "EndPart" [_thread_blocked, id=588, stack(0x0f490000,0x0f4e0000)]
  0x0f07f800 JavaThread "drawSys" [_thread_blocked, id=1804, stack(0x0f440000,0x0f490000)]
  0x0f073c00 JavaThread "Init GS" [_thread_blocked, id=1952, stack(0x0f3f0000,0x0f440000)]
  0x002a7800 JavaThread "DestroyJavaVM" [_thread_blocked, id=952, stack(0x008c0000,0x00910000)]
  0x0ef91800 JavaThread "Manager" [_thread_blocked, id=488, stack(0x0f390000,0x0f3e0000)]
  0x0ef87400 JavaThread "Thread-3" [_thread_blocked, id=160, stack(0x0f2b0000,0x0f300000)]
  0x0ef5f400 JavaThread "AWT-EventQueue-0" [_thread_blocked, id=628, stack(0x0f260000,0x0f2b0000)]
  0x0ef4e000 JavaThread "AWT-Windows" daemon [_thread_in_native, id=1548, stack(0x0f1d0000,0x0f220000)]
  0x0ef4d000 JavaThread "AWT-Shutdown" [_thread_blocked, id=480, stack(0x0f180000,0x0f1d0000)]
  0x0ef48800 JavaThread "Java2D Disposer" daemon [_thread_blocked, id=1240, stack(0x0f130000,0x0f180000)]
  0x0eb09400 JavaThread "Low Memory Detector" daemon [_thread_blocked, id=932, stack(0x0ee40000,0x0ee90000)]
=>0x0eb06c00 JavaThread "CompilerThread0" daemon [_thread_in_native, id=988, stack(0x0edf0000,0x0ee40000)]
  0x0eaf9c00 JavaThread "JDWP Command Reader" daemon [_thread_in_native, id=332, stack(0x0eda0000,0x0edf0000)]
  0x0eaf8400 JavaThread "JDWP Event Helper Thread" daemon [_thread_blocked, id=416, stack(0x0ed50000,0x0eda0000)]
  0x0eaf5c00 JavaThread "JDWP Transport Listener: dt_shmem" daemon [_thread_blocked, id=1908, stack(0x0ed00000,0x0ed50000)]
  0x0eaea000 JavaThread "Attach Listener" daemon [_thread_blocked, id=424, stack(0x0eca0000,0x0ecf0000)]
  0x0eae8c00 JavaThread "Signal Dispatcher" daemon [_thread_blocked, id=696, stack(0x0ec50000,0x0eca0000)]
  0x0ead8800 JavaThread "Finalizer" daemon [_thread_blocked, id=1024, stack(0x0ec00000,0x0ec50000)]
  0x0ead3c00 JavaThread "Reference Handler" daemon [_thread_blocked, id=608, stack(0x0ebb0000,0x0ec00000)]

Other Threads:
  0x0ead1000 VMThread [stack: 0x0eb60000,0x0ebb0000] [id=1228]
  0x0eb0b400 WatcherThread [stack: 0x0ee90000,0x0eee0000] [id=500]

VM state:not at safepoint (normal execution)

VM Mutex/Monitor currently owned by a thread: None

Heap
 def new generation   total 17728K, used 2712K [0x02990000, 0x03cc0000, 0x05430000)
  eden space 15808K,  17% used [0x02990000, 0x02c36160, 0x03900000)
  from space 1920K,   0% used [0x03900000, 0x03900000, 0x03ae0000)
  to   space 1920K,   0% used [0x03ae0000, 0x03ae0000, 0x03cc0000)
 tenured generation   total 60272K, used 36161K [0x05430000, 0x08f0c000, 0x0a990000)
   the space 60272K,  59% used [0x05430000, 0x07780418, 0x07780600, 0x08f0c000)
 compacting perm gen  total 12288K, used 8190K [0x0a990000, 0x0b590000, 0x0e990000)
   the space 12288K,  66% used [0x0a990000, 0x0b18fbf8, 0x0b18fc00, 0x0b590000)
No shared spaces configured.

Dynamic libraries:
0x00400000 - 0x00424000 	D:\Program Files\Java\jdk1.6.0_20\bin\java.exe
0x7c900000 - 0x7c9b1000 	C:\WINDOWS\system32\ntdll.dll
0x7c800000 - 0x7c8f6000 	C:\WINDOWS\system32\kernel32.dll
0x77dc0000 - 0x77e6c000 	C:\WINDOWS\system32\ADVAPI32.dll
0x77e70000 - 0x77f01000 	C:\WINDOWS\system32\RPCRT4.dll
0x7c340000 - 0x7c396000 	D:\Program Files\Java\jdk1.6.0_20\jre\bin\msvcr71.dll
0x6d8b0000 - 0x6db47000 	D:\Program Files\Java\jdk1.6.0_20\jre\bin\client\jvm.dll
0x77d30000 - 0x77dc0000 	C:\WINDOWS\system32\USER32.dll
0x77f10000 - 0x77f56000 	C:\WINDOWS\system32\GDI32.dll
0x76b20000 - 0x76b4e000 	C:\WINDOWS\system32\WINMM.dll
0x6d860000 - 0x6d86c000 	D:\Program Files\Java\jdk1.6.0_20\jre\bin\verify.dll
0x6d3e0000 - 0x6d3ff000 	D:\Program Files\Java\jdk1.6.0_20\jre\bin\java.dll
0x6d340000 - 0x6d348000 	D:\Program Files\Java\jdk1.6.0_20\jre\bin\hpi.dll
0x76be0000 - 0x76beb000 	C:\WINDOWS\system32\PSAPI.DLL
0x6d430000 - 0x6d459000 	D:\Program Files\Java\jdk1.6.0_20\jre\bin\jdwp.dll
0x6d750000 - 0x6d756000 	D:\Program Files\Java\jdk1.6.0_20\jre\bin\npt.dll
0x6d8a0000 - 0x6d8af000 	D:\Program Files\Java\jdk1.6.0_20\jre\bin\zip.dll
0x6d2a0000 - 0x6d2a8000 	D:\Program Files\Java\jdk1.6.0_20\jre\bin\dt_shmem.dll
0x6d0b0000 - 0x6d1fa000 	D:\Program Files\Java\jdk1.6.0_20\jre\bin\awt.dll
0x72fc0000 - 0x72fe6000 	C:\WINDOWS\system32\WINSPOOL.DRV
0x77c00000 - 0x77c58000 	C:\WINDOWS\system32\msvcrt.dll
0x76360000 - 0x7637d000 	C:\WINDOWS\system32\IMM32.dll
0x774d0000 - 0x7760c000 	C:\WINDOWS\system32\ole32.dll
0x773c0000 - 0x774c2000 	C:\WINDOWS\WinSxS\x86_Microsoft.Windows.Common-Controls_6595b64144ccf1df_6.0.2600.2180_x-ww_a84f1ff9\COMCTL32.dll
0x77f60000 - 0x77fd6000 	C:\WINDOWS\system32\SHLWAPI.dll
0x6d2e0000 - 0x6d334000 	D:\Program Files\Java\jdk1.6.0_20\jre\bin\fontmanager.dll
0x746e0000 - 0x7472b000 	C:\WINDOWS\system32\MSCTF.dll
0x7c9c0000 - 0x7d1d8000 	C:\WINDOWS\system32\shell32.dll
0x6d610000 - 0x6d619000 	D:\Program Files\Java\jdk1.6.0_20\jre\bin\management.dll
0x74df0000 - 0x74e5c000 	C:\WINDOWS\system32\RICHED20.DLL
0x0ffd0000 - 0x0fff8000 	C:\WINDOWS\system32\rsaenh.dll
0x769a0000 - 0x76a54000 	C:\WINDOWS\system32\USERENV.dll
0x5bd50000 - 0x5bda4000 	C:\WINDOWS\system32\netapi32.dll
0x6d6c0000 - 0x6d6d3000 	D:\Program Files\Java\jdk1.6.0_20\jre\bin\net.dll
0x71a90000 - 0x71aa7000 	C:\WINDOWS\system32\WS2_32.dll
0x71a80000 - 0x71a88000 	C:\WINDOWS\system32\WS2HELP.dll
0x71a30000 - 0x71a70000 	C:\WINDOWS\System32\mswsock.dll
0x76f10000 - 0x76f37000 	C:\WINDOWS\system32\DNSAPI.dll
0x76d50000 - 0x76d69000 	C:\WINDOWS\system32\iphlpapi.dll
0x76fa0000 - 0x76fa8000 	C:\WINDOWS\System32\winrnr.dll
0x76f50000 - 0x76f7d000 	C:\WINDOWS\system32\WLDAP32.dll
0x76fb0000 - 0x76fb6000 	C:\WINDOWS\system32\rasadhlp.dll
0x6d6e0000 - 0x6d6e9000 	D:\Program Files\Java\jdk1.6.0_20\jre\bin\nio.dll

VM Arguments:
jvm_args: -Xdebug -Xrunjdwp:transport=dt_shmem,address=javadebug -Dfile.encoding=windows-1251 -Djava.security.policy=applet.policy 
java_command: Main.MainGame
Launcher Type: SUN_STANDARD

Environment Variables:
PATH=C:\WINDOWS\system32;C:\WINDOWS;C:\WINDOWS\System32\Wbem;D:\gwt-2.5.0.rc1
USERNAME=Администратор
OS=Windows_NT
PROCESSOR_IDENTIFIER=x86 Family 6 Model 15 Stepping 6, GenuineIntel



---------------  S Y S T E M  ---------------

OS: Windows XP Build 2600 Service Pack 2

CPU:total 1 (2 cores per cpu, 1 threads per core) family 6 model 15 stepping 6, cmov, cx8, fxsr, mmx, sse, sse2, sse3, ssse3

Memory: 4k page, physical 523760k(20612k free), swap 591884k(5112k free)

vm_info: Java HotSpot(TM) Client VM (16.3-b01) for windows-x86 JRE (1.6.0_20-b02), built on Apr 12 2010 13:52:23 by "java_re" with MS VC++ 7.1 (VS2003)

time: Thu Nov 29 08:43:46 2012
elapsed time: 10 seconds

