#
# A fatal error has been detected by the Java Runtime Environment:
#
# java.lang.OutOfMemoryError: requested 2564 bytes for CodeCache: no room for vtable chunks. Out of swap space?
#
#  Internal Error (vtableStubs.cpp:48), pid=1916, tid=860
#  Error: CodeCache: no room for vtable chunks
#
# JRE version: 6.0_20-b02
# Java VM: Java HotSpot(TM) Client VM (16.3-b01 mixed mode, sharing windows-x86 )
# If you would like to submit a bug report, please visit:
#   http://java.sun.com/webapps/bugreport/crash.jsp
#

---------------  T H R E A D  ---------------

Current thread (0x0306d400):  JavaThread "GameDIS" [_thread_in_vm, id=860, stack(0x035f0000,0x03640000)]

Stack: [0x035f0000,0x03640000],  sp=0x0363f168,  free space=13c0363f178k
Native frames: (J=compiled Java code, j=interpreted, Vv=VM code, C=native code)
V  [jvm.dll+0x1f4180]
V  [jvm.dll+0xa1f2e]
V  [jvm.dll+0x1f9210]
V  [jvm.dll+0x1f9745]
V  [jvm.dll+0x1f948b]
V  [jvm.dll+0x87b6f]
V  [jvm.dll+0x1a50bd]
V  [jvm.dll+0x1a519d]
v  ~RuntimeStub::ic_miss_stub
J  sun.java2d.SunGraphics2D.drawPolygon([I[II)V
J  Space.GradientArea.PutImage(LUnit/Coordinates;)V
j  Platformer.JumperProjection2d$2.PutImage(LUnit/Coordinates;)V+30
J  ProjectionD.ProjectionObject.PutImage(I)V
j  Platformer.JumperProjection2d$AmbientImageProject.Project()V+2
J  ProjectionD.MotionProject.MotionMethod()V
J  ProjectionD.MotionProjectEndLess.MotionMethod()V
J  Core.Motion.Motion.Iterate()Z
J  Core.Hidden.TaskMotions.run()V
v  ~StubRoutines::call_stub
V  [jvm.dll+0xf049c]
V  [jvm.dll+0x17fcf1]
V  [jvm.dll+0xf0667]
V  [jvm.dll+0xf06dd]
V  [jvm.dll+0x11a2a0]
V  [jvm.dll+0x1ddb14]
V  [jvm.dll+0x17f96c]
C  [msvcr71.dll+0x9565]
C  [kernel32.dll+0xb50b]

Java frames: (J=compiled Java code, j=interpreted, Vv=VM code)
v  ~RuntimeStub::ic_miss_stub
J  sun.java2d.SunGraphics2D.drawPolygon([I[II)V
J  Space.GradientArea.PutImage(LUnit/Coordinates;)V
j  Platformer.JumperProjection2d$2.PutImage(LUnit/Coordinates;)V+30
J  ProjectionD.ProjectionObject.PutImage(I)V
j  Platformer.JumperProjection2d$AmbientImageProject.Project()V+2
J  ProjectionD.MotionProject.MotionMethod()V
J  ProjectionD.MotionProjectEndLess.MotionMethod()V
J  Core.Motion.Motion.Iterate()Z
J  Core.Hidden.TaskMotions.run()V
v  ~StubRoutines::call_stub

---------------  P R O C E S S  ---------------

Java Threads: ( => current thread )
  0x03094000 JavaThread "MapPainter" [_thread_blocked, id=392, stack(0x03d40000,0x03d90000)]
  0x03093400 JavaThread "E" [_thread_blocked, id=2024, stack(0x03cf0000,0x03d40000)]
  0x02ae6800 JavaThread "keybot" [_thread_blocked, id=244, stack(0x03ca0000,0x03cf0000)]
  0x02ae5800 JavaThread "Loger" [_thread_blocked, id=588, stack(0x03c50000,0x03ca0000)]
  0x02ae4000 JavaThread "SaveDialogMOD" [_thread_blocked, id=1780, stack(0x03c00000,0x03c50000)]
  0x0309a800 JavaThread "Timer" [_thread_blocked, id=1236, stack(0x03bb0000,0x03c00000)]
  0x030b2800 JavaThread "Render" [_thread_blocked, id=256, stack(0x03b60000,0x03bb0000)]
  0x02a89c00 JavaThread "SaveDialogDIS" [_thread_blocked, id=1516, stack(0x03b10000,0x03b60000)]
  0x02af6800 JavaThread "Loger" [_thread_blocked, id=1000, stack(0x03ac0000,0x03b10000)]
  0x02a82800 JavaThread "SaveDialogMOD" [_thread_blocked, id=888, stack(0x03a70000,0x03ac0000)]
  0x03090800 JavaThread "Timer" [_thread_blocked, id=128, stack(0x03a20000,0x03a70000)]
  0x030b5c00 JavaThread "Render" [_thread_blocked, id=764, stack(0x039d0000,0x03a20000)]
  0x02a8a400 JavaThread "SaveDialogDIS" [_thread_blocked, id=1724, stack(0x03980000,0x039d0000)]
  0x0308e800 JavaThread "Loger" [_thread_blocked, id=1360, stack(0x03930000,0x03980000)]
  0x0308d400 JavaThread "GameMenuMOD" [_thread_blocked, id=1044, stack(0x038e0000,0x03930000)]
  0x03075400 JavaThread "Timer" [_thread_blocked, id=936, stack(0x03890000,0x038e0000)]
  0x0308c400 JavaThread "Render game menu" [_thread_blocked, id=1720, stack(0x03840000,0x03890000)]
  0x0308bc00 JavaThread "GameMenuDIS" [_thread_blocked, id=372, stack(0x037f0000,0x03840000)]
  0x03073000 JavaThread "Loger" [_thread_blocked, id=1784, stack(0x037a0000,0x037f0000)]
  0x03071c00 JavaThread "Manipulator" [_thread_blocked, id=1220, stack(0x03730000,0x03780000)]
  0x03070800 JavaThread "GameMOD" [_thread_blocked, id=224, stack(0x036e0000,0x03730000)]
  0x0306f000 JavaThread "Timer" [_thread_blocked, id=696, stack(0x03690000,0x036e0000)]
  0x0306dc00 JavaThread "Render game" [_thread_blocked, id=1216, stack(0x03640000,0x03690000)]
=>0x0306d400 JavaThread "GameDIS" [_thread_in_vm, id=860, stack(0x035f0000,0x03640000)]
  0x03069c00 JavaThread "ArsenalAI" [_thread_blocked, id=164, stack(0x035a0000,0x035f0000)]
  0x0305c000 JavaThread "scenario" [_thread_blocked, id=1804, stack(0x03460000,0x034b0000)]
  0x03066800 JavaThread "Calc0" [_thread_blocked, id=1924, stack(0x03410000,0x03460000)]
  0x03066000 JavaThread "Calc0" [_thread_blocked, id=548, stack(0x033c0000,0x03410000)]
  0x03059400 JavaThread "EndPart" [_thread_blocked, id=1868, stack(0x03370000,0x033c0000)]
  0x03048800 JavaThread "drawSys" [_thread_blocked, id=228, stack(0x03320000,0x03370000)]
  0x03053400 JavaThread "Init GS" [_thread_blocked, id=1912, stack(0x03550000,0x035a0000)]
  0x002a7400 JavaThread "DestroyJavaVM" [_thread_blocked, id=1604, stack(0x008c0000,0x00910000)]
  0x02f99000 JavaThread "Manager" [_thread_blocked, id=1628, stack(0x032d0000,0x03320000)]
  0x02f85800 JavaThread "ObjectsInfo" [_thread_blocked, id=336, stack(0x031d0000,0x03220000)]
  0x02b6d800 JavaThread "AWT-EventQueue-0" [_thread_blocked, id=192, stack(0x03180000,0x031d0000)]
  0x02b61000 JavaThread "AWT-Windows" daemon [_thread_in_native, id=196, stack(0x02ef0000,0x02f40000)]
  0x02b60400 JavaThread "AWT-Shutdown" [_thread_blocked, id=1188, stack(0x02ea0000,0x02ef0000)]
  0x02b5e400 JavaThread "Java2D Disposer" daemon [_thread_blocked, id=1008, stack(0x02e50000,0x02ea0000)]
  0x02ad9000 JavaThread "Low Memory Detector" daemon [_thread_blocked, id=188, stack(0x02d50000,0x02da0000)]
  0x02ad2800 JavaThread "CompilerThread0" daemon [_thread_blocked, id=1920, stack(0x02d00000,0x02d50000)]
  0x02ad1000 JavaThread "Attach Listener" daemon [_thread_blocked, id=1184, stack(0x02cb0000,0x02d00000)]
  0x02acfc00 JavaThread "Signal Dispatcher" daemon [_thread_blocked, id=1812, stack(0x02c60000,0x02cb0000)]
  0x02a90c00 JavaThread "Finalizer" daemon [_thread_blocked, id=544, stack(0x02c10000,0x02c60000)]
  0x02a8c000 JavaThread "Reference Handler" daemon [_thread_blocked, id=1532, stack(0x02bc0000,0x02c10000)]

Other Threads:
  0x02a8ac00 VMThread [stack: 0x02b70000,0x02bc0000] [id=476]
  0x02aec400 WatcherThread [stack: 0x02da0000,0x02df0000] [id=1652]

VM state:not at safepoint (normal execution)

VM Mutex/Monitor currently owned by a thread:  ([mutex/lock_event])
[0x002a69c8] CompiledIC_lock - owner thread: 0x0306d400

Heap
 def new generation   total 23936K, used 17737K [0x20970000, 0x22360000, 0x23410000)
  eden space 21312K,  79% used [0x20970000, 0x21a0b148, 0x21e40000)
  from space 2624K,  27% used [0x220d0000, 0x22187460, 0x22360000)
  to   space 2624K,   0% used [0x21e40000, 0x21e40000, 0x220d0000)
 tenured generation   total 62660K, used 33844K [0x23410000, 0x27141000, 0x28970000)
   the space 62660K,  54% used [0x23410000, 0x2551d318, 0x2551d400, 0x27141000)
 compacting perm gen  total 12288K, used 1861K [0x28970000, 0x29570000, 0x2c970000)
   the space 12288K,  15% used [0x28970000, 0x28b414d0, 0x28b41600, 0x29570000)
    ro space 10240K,  54% used [0x2c970000, 0x2ceeb760, 0x2ceeb800, 0x2d370000)
    rw space 12288K,  55% used [0x2d370000, 0x2da0f798, 0x2da0f800, 0x2df70000)

Dynamic libraries:
0x00400000 - 0x00424000 	D:\Program Files\Java\jdk1.6.0_20\bin\java.exe
0x7c900000 - 0x7c9b1000 	C:\WINDOWS\system32\ntdll.dll
0x7c800000 - 0x7c8f6000 	C:\WINDOWS\system32\kernel32.dll
0x77dc0000 - 0x77e6c000 	C:\WINDOWS\system32\ADVAPI32.dll
0x77e70000 - 0x77f01000 	C:\WINDOWS\system32\RPCRT4.dll
0x7c340000 - 0x7c396000 	D:\Program Files\Java\jdk1.6.0_20\jre\bin\msvcr71.dll
0x6d8b0000 - 0x6db47000 	D:\Program Files\Java\jdk1.6.0_20\jre\bin\client\jvm.dll
0x77d30000 - 0x77dc0000 	C:\WINDOWS\system32\USER32.dll
0x77f10000 - 0x77f56000 	C:\WINDOWS\system32\GDI32.dll
0x76b20000 - 0x76b4e000 	C:\WINDOWS\system32\WINMM.dll
0x6d860000 - 0x6d86c000 	D:\Program Files\Java\jdk1.6.0_20\jre\bin\verify.dll
0x6d3e0000 - 0x6d3ff000 	D:\Program Files\Java\jdk1.6.0_20\jre\bin\java.dll
0x6d340000 - 0x6d348000 	D:\Program Files\Java\jdk1.6.0_20\jre\bin\hpi.dll
0x76be0000 - 0x76beb000 	C:\WINDOWS\system32\PSAPI.DLL
0x6d8a0000 - 0x6d8af000 	D:\Program Files\Java\jdk1.6.0_20\jre\bin\zip.dll
0x6d0b0000 - 0x6d1fa000 	D:\Program Files\Java\jdk1.6.0_20\jre\bin\awt.dll
0x72fc0000 - 0x72fe6000 	C:\WINDOWS\system32\WINSPOOL.DRV
0x77c00000 - 0x77c58000 	C:\WINDOWS\system32\msvcrt.dll
0x76360000 - 0x7637d000 	C:\WINDOWS\system32\IMM32.dll
0x774d0000 - 0x7760c000 	C:\WINDOWS\system32\ole32.dll
0x773c0000 - 0x774c2000 	C:\WINDOWS\WinSxS\x86_Microsoft.Windows.Common-Controls_6595b64144ccf1df_6.0.2600.2180_x-ww_a84f1ff9\COMCTL32.dll
0x77f60000 - 0x77fd6000 	C:\WINDOWS\system32\SHLWAPI.dll
0x6d2e0000 - 0x6d334000 	D:\Program Files\Java\jdk1.6.0_20\jre\bin\fontmanager.dll
0x746e0000 - 0x7472b000 	C:\WINDOWS\system32\MSCTF.dll
0x7c9c0000 - 0x7d1d8000 	C:\WINDOWS\system32\shell32.dll
0x6d610000 - 0x6d619000 	D:\Program Files\Java\jdk1.6.0_20\jre\bin\management.dll
0x74df0000 - 0x74e5c000 	C:\WINDOWS\system32\RICHED20.DLL
0x0ffd0000 - 0x0fff8000 	C:\WINDOWS\system32\rsaenh.dll
0x769a0000 - 0x76a54000 	C:\WINDOWS\system32\USERENV.dll
0x5bd50000 - 0x5bda4000 	C:\WINDOWS\system32\netapi32.dll
0x6d6c0000 - 0x6d6d3000 	D:\Program Files\Java\jdk1.6.0_20\jre\bin\net.dll
0x71a90000 - 0x71aa7000 	C:\WINDOWS\system32\WS2_32.dll
0x71a80000 - 0x71a88000 	C:\WINDOWS\system32\WS2HELP.dll
0x71a30000 - 0x71a70000 	C:\WINDOWS\System32\mswsock.dll
0x76f10000 - 0x76f37000 	C:\WINDOWS\system32\DNSAPI.dll
0x76d50000 - 0x76d69000 	C:\WINDOWS\system32\iphlpapi.dll
0x76fa0000 - 0x76fa8000 	C:\WINDOWS\System32\winrnr.dll
0x76f50000 - 0x76f7d000 	C:\WINDOWS\system32\WLDAP32.dll
0x76fb0000 - 0x76fb6000 	C:\WINDOWS\system32\rasadhlp.dll
0x6d6e0000 - 0x6d6e9000 	D:\Program Files\Java\jdk1.6.0_20\jre\bin\nio.dll

VM Arguments:
jvm_args: -Dfile.encoding=windows-1251 -Djava.security.policy=applet.policy 
java_command: Main.MainGame
Launcher Type: SUN_STANDARD

Environment Variables:
PATH=C:\WINDOWS\system32;C:\WINDOWS;C:\WINDOWS\System32\Wbem;D:\gwt-2.5.0.rc1
USERNAME=Администратор
OS=Windows_NT
PROCESSOR_IDENTIFIER=x86 Family 6 Model 15 Stepping 6, GenuineIntel



---------------  S Y S T E M  ---------------

OS: Windows XP Build 2600 Service Pack 2

CPU:total 1 (2 cores per cpu, 1 threads per core) family 6 model 15 stepping 6, cmov, cx8, fxsr, mmx, sse, sse2, sse3, ssse3

Memory: 4k page, physical 523760k(39392k free), swap 591884k(5128k free)

vm_info: Java HotSpot(TM) Client VM (16.3-b01) for windows-x86 JRE (1.6.0_20-b02), built on Apr 12 2010 13:52:23 by "java_re" with MS VC++ 7.1 (VS2003)

time: Thu Nov 29 12:45:38 2012
elapsed time: 11 seconds

