#
# A fatal error has been detected by the Java Runtime Environment:
#
#  EXCEPTION_ACCESS_VIOLATION (0xc0000005) at pc=0x6d99fcb3, pid=560, tid=500
#
# JRE version: 6.0_20-b02
# Java VM: Java HotSpot(TM) Client VM (16.3-b01 mixed mode, sharing windows-x86 )
# Problematic frame:
# V  [jvm.dll+0xefcb3]
#
# If you would like to submit a bug report, please visit:
#   http://java.sun.com/webapps/bugreport/crash.jsp
#

---------------  T H R E A D  ---------------

Current thread (0x02adf800):  JavaThread "Thread-0" [_thread_in_vm, id=500, stack(0x03de0000,0x03e30000)]

siginfo: ExceptionCode=0xc0000005, writing address 0x03e2cb3c

Registers:
EAX=0x00003000, EBX=0x02ae0140, ECX=0x03e2cb3c, EDX=0x03de6048
ESP=0x03e2fb48, EBP=0x03e2fba4, ESI=0x00000003, EDI=0x03e2fb3c
EIP=0x6d99fcb3, EFLAGS=0x00010206

Top of Stack: (sp=0x03e2fb48)
0x03e2fb48:   02ae0150 02adf800 6d9a0451 02ae0140
0x03e2fb58:   02adf800 2d470098 2d4704d0 03e2fba4
0x03e2fb68:   6da0494a 02ae0144 02ae0148 02ae014c
0x03e2fb78:   02ae0150 00000005 02adf800 02ae0144
0x03e2fb88:   02adf800 2d470098 000b01f8 00000028
0x03e2fb98:   03e2fd1c 0000000a 02ae0140 03e2fbe8
0x03e2fba8:   6da2fcf1 03e2fd14 00e2fc40 03e2fc44
0x03e2fbb8:   00919200 02ae0140 02adf800 2d470098 

Instructions: (pc=0x6d99fcb3)
0x6d99fca3:   3b c6 7c 1c e8 14 cb 08 00 0f af c6 8b cf 2b c8
0x6d99fcb3:   c7 01 00 00 00 00 a1 ec 0c b0 6d 46 3b f0 7e e4 


Stack: [0x03de0000,0x03e30000],  sp=0x03e2fb48,  free space=13e03e2f67ck
Native frames: (J=compiled Java code, j=interpreted, Vv=VM code, C=native code)
V  [jvm.dll+0xefcb3]
V  [jvm.dll+0x17fcf1]
V  [jvm.dll+0xf0667]
V  [jvm.dll+0xf06dd]
V  [jvm.dll+0x11a2a0]
V  [jvm.dll+0x1ddb14]
V  [jvm.dll+0x17f96c]
C  [msvcr71.dll+0x9565]
C  [kernel32.dll+0xb50b]


---------------  P R O C E S S  ---------------

Java Threads: ( => current thread )
=>0x02adf800 JavaThread "Thread-0" [_thread_in_vm, id=500, stack(0x03de0000,0x03e30000)]
  0x02ade800 JavaThread "Thread-1" daemon [_thread_in_native, id=184, stack(0x03360000,0x033b0000)]
  0x030d2c00 JavaThread "keybot" [_thread_blocked, id=1952, stack(0x03d40000,0x03d90000)]
  0x030c1c00 JavaThread "Loger" [_thread_blocked, id=1608, stack(0x03cf0000,0x03d40000)]
  0x030be000 JavaThread "SaveDialogMOD" [_thread_blocked, id=972, stack(0x03ca0000,0x03cf0000)]
  0x030bd400 JavaThread "Timer" [_thread_blocked, id=1024, stack(0x03c50000,0x03ca0000)]
  0x030b9400 JavaThread "Render" [_thread_blocked, id=1936, stack(0x03c00000,0x03c50000)]
  0x030bfc00 JavaThread "SaveDialogDIS" [_thread_blocked, id=772, stack(0x03bb0000,0x03c00000)]
  0x030bbc00 JavaThread "Loger" [_thread_blocked, id=404, stack(0x03b60000,0x03bb0000)]
  0x030b8400 JavaThread "SaveDialogMOD" [_thread_blocked, id=296, stack(0x03b10000,0x03b60000)]
  0x030b7000 JavaThread "Timer" [_thread_blocked, id=120, stack(0x03ac0000,0x03b10000)]
  0x030b0400 JavaThread "Render" [_thread_blocked, id=376, stack(0x03a70000,0x03ac0000)]
  0x030b5400 JavaThread "MapPainter" [_thread_blocked, id=368, stack(0x03a20000,0x03a70000)]
  0x030b6800 JavaThread "E" [_thread_blocked, id=236, stack(0x039d0000,0x03a20000)]
  0x03092000 JavaThread "SaveDialogDIS" [_thread_blocked, id=1704, stack(0x03980000,0x039d0000)]
  0x03095c00 JavaThread "Loger" [_thread_blocked, id=1092, stack(0x03930000,0x03980000)]
  0x0308a400 JavaThread "GameMenuMOD" [_thread_blocked, id=988, stack(0x038e0000,0x03930000)]
  0x03085400 JavaThread "Timer" [_thread_blocked, id=948, stack(0x03890000,0x038e0000)]
  0x03087c00 JavaThread "Render game menu" [_thread_blocked, id=940, stack(0x03840000,0x03890000)]
  0x03088800 JavaThread "GameMenuDIS" [_thread_blocked, id=488, stack(0x037f0000,0x03840000)]
  0x03084000 JavaThread "Loger" [_thread_blocked, id=1084, stack(0x037a0000,0x037f0000)]
  0x03082800 JavaThread "Manipulator" [_thread_blocked, id=928, stack(0x03720000,0x03770000)]
  0x03081400 JavaThread "GameMOD" [_thread_blocked, id=740, stack(0x036d0000,0x03720000)]
  0x0307fc00 JavaThread "Timer" [_thread_blocked, id=752, stack(0x03680000,0x036d0000)]
  0x0307e800 JavaThread "Render game" [_thread_blocked, id=1476, stack(0x03630000,0x03680000)]
  0x0307dc00 JavaThread "GameDIS" [_thread_blocked, id=1184, stack(0x035e0000,0x03630000)]
  0x03051400 JavaThread "ArsenalAI" [_thread_blocked, id=1128, stack(0x03590000,0x035e0000)]
  0x03061000 JavaThread "scenario" [_thread_blocked, id=1368, stack(0x03540000,0x03590000)]
  0x0305f400 JavaThread "Calc0" [_thread_blocked, id=892, stack(0x03450000,0x034a0000)]
  0x03066400 JavaThread "Calc0" [_thread_blocked, id=896, stack(0x03400000,0x03450000)]
  0x03057000 JavaThread "EndPart" [_thread_blocked, id=1732, stack(0x033b0000,0x03400000)]
  0x0305c400 JavaThread "drawSys" [_thread_blocked, id=1956, stack(0x03310000,0x03360000)]
  0x002a7400 JavaThread "DestroyJavaVM" [_thread_blocked, id=608, stack(0x008c0000,0x00910000)]
  0x02f91000 JavaThread "Manager" [_thread_blocked, id=1256, stack(0x032b0000,0x03300000)]
  0x02f85800 JavaThread "ObjectsInfo" [_thread_in_native, id=956, stack(0x031d0000,0x03220000)]
  0x02b6d800 JavaThread "AWT-EventQueue-0" [_thread_blocked, id=868, stack(0x03180000,0x031d0000)]
  0x02b61000 JavaThread "AWT-Windows" daemon [_thread_in_native, id=796, stack(0x02ef0000,0x02f40000)]
  0x02b60400 JavaThread "AWT-Shutdown" [_thread_blocked, id=1908, stack(0x02ea0000,0x02ef0000)]
  0x02b5e400 JavaThread "Java2D Disposer" daemon [_thread_blocked, id=1812, stack(0x02e50000,0x02ea0000)]
  0x02ad9000 JavaThread "Low Memory Detector" daemon [_thread_blocked, id=1920, stack(0x02d50000,0x02da0000)]
  0x02ad2800 JavaThread "CompilerThread0" daemon [_thread_blocked, id=876, stack(0x02d00000,0x02d50000)]
  0x02ad1000 JavaThread "Attach Listener" daemon [_thread_blocked, id=1904, stack(0x02cb0000,0x02d00000)]
  0x02acfc00 JavaThread "Signal Dispatcher" daemon [_thread_blocked, id=512, stack(0x02c60000,0x02cb0000)]
  0x02a90c00 JavaThread "Finalizer" daemon [_thread_blocked, id=164, stack(0x02c10000,0x02c60000)]
  0x02a8c000 JavaThread "Reference Handler" daemon [_thread_blocked, id=332, stack(0x02bc0000,0x02c10000)]

Other Threads:
  0x02a8ac00 VMThread [stack: 0x02b70000,0x02bc0000] [id=1528]
  0x02aec400 WatcherThread [stack: 0x02da0000,0x02df0000] [id=272]

VM state:not at safepoint (normal execution)

VM Mutex/Monitor currently owned by a thread: None

Heap
 def new generation   total 28480K, used 12516K [0x20970000, 0x22850000, 0x23410000)
  eden space 25344K,  46% used [0x20970000, 0x214ee370, 0x22230000)
  from space 3136K,  23% used [0x22540000, 0x225fae80, 0x22850000)
  to   space 3136K,   0% used [0x22230000, 0x22230000, 0x22540000)
 tenured generation   total 62820K, used 32424K [0x23410000, 0x27169000, 0x28970000)
   the space 62820K,  51% used [0x23410000, 0x253ba1d0, 0x253ba200, 0x27169000)
 compacting perm gen  total 12288K, used 1867K [0x28970000, 0x29570000, 0x2c970000)
   the space 12288K,  15% used [0x28970000, 0x28b42ee0, 0x28b43000, 0x29570000)
    ro space 10240K,  54% used [0x2c970000, 0x2ceeb760, 0x2ceeb800, 0x2d370000)
    rw space 12288K,  55% used [0x2d370000, 0x2da0f798, 0x2da0f800, 0x2df70000)

Dynamic libraries:
0x00400000 - 0x00424000 	D:\Program Files\Java\jdk1.6.0_20\bin\java.exe
0x7c900000 - 0x7c9b1000 	C:\WINDOWS\system32\ntdll.dll
0x7c800000 - 0x7c8f6000 	C:\WINDOWS\system32\kernel32.dll
0x77dc0000 - 0x77e6c000 	C:\WINDOWS\system32\ADVAPI32.dll
0x77e70000 - 0x77f01000 	C:\WINDOWS\system32\RPCRT4.dll
0x7c340000 - 0x7c396000 	D:\Program Files\Java\jdk1.6.0_20\jre\bin\msvcr71.dll
0x6d8b0000 - 0x6db47000 	D:\Program Files\Java\jdk1.6.0_20\jre\bin\client\jvm.dll
0x77d30000 - 0x77dc0000 	C:\WINDOWS\system32\USER32.dll
0x77f10000 - 0x77f56000 	C:\WINDOWS\system32\GDI32.dll
0x76b20000 - 0x76b4e000 	C:\WINDOWS\system32\WINMM.dll
0x6d860000 - 0x6d86c000 	D:\Program Files\Java\jdk1.6.0_20\jre\bin\verify.dll
0x6d3e0000 - 0x6d3ff000 	D:\Program Files\Java\jdk1.6.0_20\jre\bin\java.dll
0x6d340000 - 0x6d348000 	D:\Program Files\Java\jdk1.6.0_20\jre\bin\hpi.dll
0x76be0000 - 0x76beb000 	C:\WINDOWS\system32\PSAPI.DLL
0x6d8a0000 - 0x6d8af000 	D:\Program Files\Java\jdk1.6.0_20\jre\bin\zip.dll
0x6d0b0000 - 0x6d1fa000 	D:\Program Files\Java\jdk1.6.0_20\jre\bin\awt.dll
0x72fc0000 - 0x72fe6000 	C:\WINDOWS\system32\WINSPOOL.DRV
0x77c00000 - 0x77c58000 	C:\WINDOWS\system32\msvcrt.dll
0x76360000 - 0x7637d000 	C:\WINDOWS\system32\IMM32.dll
0x774d0000 - 0x7760c000 	C:\WINDOWS\system32\ole32.dll
0x773c0000 - 0x774c2000 	C:\WINDOWS\WinSxS\x86_Microsoft.Windows.Common-Controls_6595b64144ccf1df_6.0.2600.2180_x-ww_a84f1ff9\COMCTL32.dll
0x77f60000 - 0x77fd6000 	C:\WINDOWS\system32\SHLWAPI.dll
0x6d2e0000 - 0x6d334000 	D:\Program Files\Java\jdk1.6.0_20\jre\bin\fontmanager.dll
0x746e0000 - 0x7472b000 	C:\WINDOWS\system32\MSCTF.dll
0x7c9c0000 - 0x7d1d8000 	C:\WINDOWS\system32\shell32.dll
0x6d610000 - 0x6d619000 	D:\Program Files\Java\jdk1.6.0_20\jre\bin\management.dll
0x74df0000 - 0x74e5c000 	C:\WINDOWS\system32\RICHED20.DLL
0x0ffd0000 - 0x0fff8000 	C:\WINDOWS\system32\rsaenh.dll
0x769a0000 - 0x76a54000 	C:\WINDOWS\system32\USERENV.dll
0x5bd50000 - 0x5bda4000 	C:\WINDOWS\system32\netapi32.dll
0x6d6c0000 - 0x6d6d3000 	D:\Program Files\Java\jdk1.6.0_20\jre\bin\net.dll
0x71a90000 - 0x71aa7000 	C:\WINDOWS\system32\WS2_32.dll
0x71a80000 - 0x71a88000 	C:\WINDOWS\system32\WS2HELP.dll
0x71a30000 - 0x71a70000 	C:\WINDOWS\System32\mswsock.dll
0x76f10000 - 0x76f37000 	C:\WINDOWS\system32\DNSAPI.dll
0x76d50000 - 0x76d69000 	C:\WINDOWS\system32\iphlpapi.dll
0x76fa0000 - 0x76fa8000 	C:\WINDOWS\System32\winrnr.dll
0x76f50000 - 0x76f7d000 	C:\WINDOWS\system32\WLDAP32.dll
0x76fb0000 - 0x76fb6000 	C:\WINDOWS\system32\rasadhlp.dll
0x6d6e0000 - 0x6d6e9000 	D:\Program Files\Java\jdk1.6.0_20\jre\bin\nio.dll

VM Arguments:
jvm_args: -Dfile.encoding=windows-1251 -Djava.security.policy=applet.policy 
java_command: Main.MainGame
Launcher Type: SUN_STANDARD

Environment Variables:
PATH=C:\WINDOWS\system32;C:\WINDOWS;C:\WINDOWS\System32\Wbem;D:\gwt-2.5.0.rc1
USERNAME=Администратор
OS=Windows_NT
PROCESSOR_IDENTIFIER=x86 Family 6 Model 15 Stepping 6, GenuineIntel



---------------  S Y S T E M  ---------------

OS: Windows XP Build 2600 Service Pack 2

CPU:total 1 (2 cores per cpu, 1 threads per core) family 6 model 15 stepping 6, cmov, cx8, fxsr, mmx, sse, sse2, sse3, ssse3

Memory: 4k page, physical 523760k(31844k free), swap 591884k(5200k free)

vm_info: Java HotSpot(TM) Client VM (16.3-b01) for windows-x86 JRE (1.6.0_20-b02), built on Apr 12 2010 13:52:23 by "java_re" with MS VC++ 7.1 (VS2003)

time: Thu Nov 29 12:34:42 2012
elapsed time: 62 seconds

