#
# A fatal error has been detected by the Java Runtime Environment:
#
#  EXCEPTION_ACCESS_VIOLATION (0xc0000005) at pc=0x6d99fcb3, pid=372, tid=1596
#
# JRE version: 6.0_20-b02
# Java VM: Java HotSpot(TM) Client VM (16.3-b01 mixed mode, sharing windows-x86 )
# Problematic frame:
# V  [jvm.dll+0xefcb3]
#
# If you would like to submit a bug report, please visit:
#   http://java.sun.com/webapps/bugreport/crash.jsp
#

---------------  T H R E A D  ---------------

Current thread (0x03045c00):  JavaThread "drawSys" [_thread_in_vm, id=1596, stack(0x033b0000,0x03400000)]

siginfo: ExceptionCode=0xc0000005, writing address 0x033fa500

Registers:
EAX=0x00003000, EBX=0x03058a04, ECX=0x033fa500, EDX=0x033b6040
ESP=0x033fd50c, EBP=0x033fd568, ESI=0x00000003, EDI=0x033fd500
EIP=0x6d99fcb3, EFLAGS=0x00010206

Top of Stack: (sp=0x033fd50c)
0x033fd50c:   03058a0c 03045c00 6d9a0451 00000000
0x033fd51c:   03045c00 030589fc 030589ec 00000000
0x033fd52c:   03045c00 033fd5a8 6da72a5c 0000013f
0x033fd53c:   00594585 030589ec 00000000 00000000
0x033fd54c:   03045c00 00000000 030589ec 00000000
0x033fd55c:   033fd6a4 0000000a 03058a04 033fd5ac
0x033fd56c:   6da2fcf1 033fd69c 003fd600 033fd6e4
0x033fd57c:   00919200 00000000 03045c00 030589fc 

Instructions: (pc=0x6d99fcb3)
0x6d99fca3:   3b c6 7c 1c e8 14 cb 08 00 0f af c6 8b cf 2b c8
0x6d99fcb3:   c7 01 00 00 00 00 a1 ec 0c b0 6d 46 3b f0 7e e4 


Stack: [0x033b0000,0x03400000],  sp=0x033fd50c,  free space=135033fd040k
Native frames: (J=compiled Java code, j=interpreted, Vv=VM code, C=native code)
V  [jvm.dll+0xefcb3]
V  [jvm.dll+0x17fcf1]
V  [jvm.dll+0xf084a]
V  [jvm.dll+0xacd82]
V  [jvm.dll+0xacf2b]
V  [jvm.dll+0xad0af]
V  [jvm.dll+0xf9197]
C  [java.dll+0x4cd3]
C  [java.dll+0x6472]
C  [java.dll+0x20a5]
J  java.io.FileOutputStream.writeBytes([BII)V
J  java.io.FileOutputStream.write([BII)V
J  java.io.BufferedOutputStream.flush()V
J  java.io.PrintStream.write([BII)V
J  sun.nio.cs.StreamEncoder.writeBytes()V
J  sun.nio.cs.StreamEncoder.flushBuffer()V
J  java.io.PrintStream.newLine()V
J  java.io.PrintStream.println(Ljava/lang/String;)V
j  Core.GraphSynchronizer$MotionFactoryDraw$MotionDraw.AttemptDrawLayersSince(I)V+141
J  Core.GraphSynchronizer$MotionFactoryDraw$MotionDraw.MotionMethod()V
J  Core.Motion.Motion.Iterate()Z
J  Core.Hidden.TaskMotions.run()V
v  ~StubRoutines::call_stub
V  [jvm.dll+0xf049c]
V  [jvm.dll+0x17fcf1]
V  [jvm.dll+0xf0667]
V  [jvm.dll+0xf06dd]
V  [jvm.dll+0x11a2a0]
V  [jvm.dll+0x1ddb14]
V  [jvm.dll+0x17f96c]
C  [msvcr71.dll+0x9565]
C  [kernel32.dll+0xb50b]

Java frames: (J=compiled Java code, j=interpreted, Vv=VM code)
J  java.io.FileOutputStream.writeBytes([BII)V
J  java.io.FileOutputStream.write([BII)V
J  java.io.BufferedOutputStream.flush()V
J  java.io.PrintStream.write([BII)V
J  sun.nio.cs.StreamEncoder.writeBytes()V
J  sun.nio.cs.StreamEncoder.flushBuffer()V
J  java.io.PrintStream.newLine()V
J  java.io.PrintStream.println(Ljava/lang/String;)V
j  Core.GraphSynchronizer$MotionFactoryDraw$MotionDraw.AttemptDrawLayersSince(I)V+141
J  Core.GraphSynchronizer$MotionFactoryDraw$MotionDraw.MotionMethod()V
J  Core.Motion.Motion.Iterate()Z
J  Core.Hidden.TaskMotions.run()V
v  ~StubRoutines::call_stub

---------------  P R O C E S S  ---------------

Java Threads: ( => current thread )
  0x02f9b800 JavaThread "Loger" [_thread_blocked, id=1428, stack(0x03cf0000,0x03d40000)]
  0x02f9a400 JavaThread "SaveDialogMOD" [_thread_blocked, id=120, stack(0x03ca0000,0x03cf0000)]
  0x02b34800 JavaThread "Timer" [_thread_blocked, id=1188, stack(0x03c50000,0x03ca0000)]
  0x02b33800 JavaThread "Render" [_thread_blocked, id=348, stack(0x03c00000,0x03c50000)]
  0x02b36000 JavaThread "SaveDialogDIS" [_thread_blocked, id=408, stack(0x03bb0000,0x03c00000)]
  0x02faac00 JavaThread "MapPainter" [_thread_in_native, id=308, stack(0x03b60000,0x03bb0000)]
  0x02b32000 JavaThread "Loger" [_thread_blocked, id=712, stack(0x03b10000,0x03b60000)]
  0x030bc400 JavaThread "SaveDialogMOD" [_thread_blocked, id=476, stack(0x03ac0000,0x03b10000)]
  0x030bb400 JavaThread "Timer" [_thread_blocked, id=1728, stack(0x03a70000,0x03ac0000)]
  0x02b4d000 JavaThread "Render" [_thread_blocked, id=392, stack(0x03a20000,0x03a70000)]
  0x02a86c00 JavaThread "SaveDialogDIS" [_thread_blocked, id=1368, stack(0x039d0000,0x03a20000)]
  0x02a86400 JavaThread "E" [_thread_blocked, id=1780, stack(0x03310000,0x03360000)]
  0x02b56400 JavaThread "Loger" [_thread_blocked, id=124, stack(0x03980000,0x039d0000)]
  0x02fb7c00 JavaThread "GameMenuMOD" [_thread_blocked, id=588, stack(0x03930000,0x03980000)]
  0x02adb800 JavaThread "Timer" [_thread_blocked, id=1584, stack(0x038e0000,0x03930000)]
  0x02fdcc00 JavaThread "Render" [_thread_blocked, id=764, stack(0x03890000,0x038e0000)]
  0x02a8a400 JavaThread "GameMenuDIS" [_thread_blocked, id=1916, stack(0x03840000,0x03890000)]
  0x02b19400 JavaThread "Loger" [_thread_blocked, id=1240, stack(0x037f0000,0x03840000)]
  0x02b17c00 JavaThread "Manipulator" [_thread_blocked, id=1704, stack(0x037a0000,0x037f0000)]
  0x02af8800 JavaThread "GameMOD" [_thread_blocked, id=1184, stack(0x03740000,0x03790000)]
  0x02af7400 JavaThread "Timer" [_thread_blocked, id=1060, stack(0x036f0000,0x03740000)]
  0x02ae9000 JavaThread "Render" [_thread_blocked, id=936, stack(0x036a0000,0x036f0000)]
  0x02ae6800 JavaThread "GameDIS" [_thread_blocked, id=112, stack(0x03650000,0x036a0000)]
  0x02aef000 JavaThread "ArsenalAI" [_thread_blocked, id=1052, stack(0x03600000,0x03650000)]
  0x02aee800 JavaThread "scenario" [_thread_blocked, id=820, stack(0x034f0000,0x03540000)]
  0x02b47800 JavaThread "Calc0" [_thread_blocked, id=1004, stack(0x034a0000,0x034f0000)]
  0x02ae4800 JavaThread "Calc0" [_thread_blocked, id=296, stack(0x03450000,0x034a0000)]
  0x02b06400 JavaThread "EndPart" [_thread_blocked, id=228, stack(0x03400000,0x03450000)]
=>0x03045c00 JavaThread "drawSys" [_thread_in_vm, id=1596, stack(0x033b0000,0x03400000)]
  0x03059800 JavaThread "grSynh" [_thread_blocked, id=1432, stack(0x03360000,0x033b0000)]
  0x002a7400 JavaThread "DestroyJavaVM" [_thread_blocked, id=204, stack(0x008c0000,0x00910000)]
  0x03029400 JavaThread "Manager" [_thread_blocked, id=240, stack(0x032b0000,0x03300000)]
  0x02f89000 JavaThread "Thread-3" [_thread_blocked, id=1476, stack(0x031d0000,0x03220000)]
  0x02b6d800 JavaThread "AWT-EventQueue-0" [_thread_blocked, id=232, stack(0x03180000,0x031d0000)]
  0x02b61400 JavaThread "AWT-Windows" daemon [_thread_in_native, id=1708, stack(0x02ef0000,0x02f40000)]
  0x02b60800 JavaThread "AWT-Shutdown" [_thread_blocked, id=192, stack(0x02ea0000,0x02ef0000)]
  0x02b5e800 JavaThread "Java2D Disposer" daemon [_thread_blocked, id=512, stack(0x02e50000,0x02ea0000)]
  0x02ad9000 JavaThread "Low Memory Detector" daemon [_thread_blocked, id=860, stack(0x02d50000,0x02da0000)]
  0x02ad2800 JavaThread "CompilerThread0" daemon [_thread_blocked, id=1048, stack(0x02d00000,0x02d50000)]
  0x02ad1000 JavaThread "Attach Listener" daemon [_thread_blocked, id=1576, stack(0x02cb0000,0x02d00000)]
  0x02acfc00 JavaThread "Signal Dispatcher" daemon [_thread_blocked, id=180, stack(0x02c60000,0x02cb0000)]
  0x02a90c00 JavaThread "Finalizer" daemon [_thread_blocked, id=720, stack(0x02c10000,0x02c60000)]
  0x02a8c000 JavaThread "Reference Handler" daemon [_thread_blocked, id=1924, stack(0x02bc0000,0x02c10000)]

Other Threads:
  0x02a8ac00 VMThread [stack: 0x02b70000,0x02bc0000] [id=272]
  0x02aec400 WatcherThread [stack: 0x02da0000,0x02df0000] [id=1580]

VM state:not at safepoint (normal execution)

VM Mutex/Monitor currently owned by a thread: None

Heap
 def new generation   total 19584K, used 9952K [0x20970000, 0x21eb0000, 0x23410000)
  eden space 17408K,  52% used [0x20970000, 0x2126d878, 0x21a70000)
  from space 2176K,  34% used [0x21c90000, 0x21d4a990, 0x21eb0000)
  to   space 2176K,   0% used [0x21a70000, 0x21a70000, 0x21c90000)
 tenured generation   total 43228K, used 32033K [0x23410000, 0x25e47000, 0x28970000)
   the space 43228K,  74% used [0x23410000, 0x25358480, 0x25358600, 0x25e47000)
 compacting perm gen  total 12288K, used 1845K [0x28970000, 0x29570000, 0x2c970000)
   the space 12288K,  15% used [0x28970000, 0x28b3d410, 0x28b3d600, 0x29570000)
    ro space 10240K,  54% used [0x2c970000, 0x2ceeb760, 0x2ceeb800, 0x2d370000)
    rw space 12288K,  55% used [0x2d370000, 0x2da0f798, 0x2da0f800, 0x2df70000)

Dynamic libraries:
0x00400000 - 0x00424000 	D:\Program Files\Java\jdk1.6.0_20\bin\java.exe
0x7c900000 - 0x7c9b1000 	C:\WINDOWS\system32\ntdll.dll
0x7c800000 - 0x7c8f6000 	C:\WINDOWS\system32\kernel32.dll
0x77dc0000 - 0x77e6c000 	C:\WINDOWS\system32\ADVAPI32.dll
0x77e70000 - 0x77f01000 	C:\WINDOWS\system32\RPCRT4.dll
0x7c340000 - 0x7c396000 	D:\Program Files\Java\jdk1.6.0_20\jre\bin\msvcr71.dll
0x6d8b0000 - 0x6db47000 	D:\Program Files\Java\jdk1.6.0_20\jre\bin\client\jvm.dll
0x77d30000 - 0x77dc0000 	C:\WINDOWS\system32\USER32.dll
0x77f10000 - 0x77f56000 	C:\WINDOWS\system32\GDI32.dll
0x76b20000 - 0x76b4e000 	C:\WINDOWS\system32\WINMM.dll
0x6d860000 - 0x6d86c000 	D:\Program Files\Java\jdk1.6.0_20\jre\bin\verify.dll
0x6d3e0000 - 0x6d3ff000 	D:\Program Files\Java\jdk1.6.0_20\jre\bin\java.dll
0x6d340000 - 0x6d348000 	D:\Program Files\Java\jdk1.6.0_20\jre\bin\hpi.dll
0x76be0000 - 0x76beb000 	C:\WINDOWS\system32\PSAPI.DLL
0x6d8a0000 - 0x6d8af000 	D:\Program Files\Java\jdk1.6.0_20\jre\bin\zip.dll
0x6d0b0000 - 0x6d1fa000 	D:\Program Files\Java\jdk1.6.0_20\jre\bin\awt.dll
0x72fc0000 - 0x72fe6000 	C:\WINDOWS\system32\WINSPOOL.DRV
0x77c00000 - 0x77c58000 	C:\WINDOWS\system32\msvcrt.dll
0x76360000 - 0x7637d000 	C:\WINDOWS\system32\IMM32.dll
0x774d0000 - 0x7760c000 	C:\WINDOWS\system32\ole32.dll
0x773c0000 - 0x774c2000 	C:\WINDOWS\WinSxS\x86_Microsoft.Windows.Common-Controls_6595b64144ccf1df_6.0.2600.2180_x-ww_a84f1ff9\COMCTL32.dll
0x77f60000 - 0x77fd6000 	C:\WINDOWS\system32\SHLWAPI.dll
0x6d2e0000 - 0x6d334000 	D:\Program Files\Java\jdk1.6.0_20\jre\bin\fontmanager.dll
0x746e0000 - 0x7472b000 	C:\WINDOWS\system32\MSCTF.dll
0x7c9c0000 - 0x7d1d8000 	C:\WINDOWS\system32\shell32.dll
0x6d610000 - 0x6d619000 	D:\Program Files\Java\jdk1.6.0_20\jre\bin\management.dll
0x74df0000 - 0x74e5c000 	C:\WINDOWS\system32\RICHED20.DLL
0x0ffd0000 - 0x0fff8000 	C:\WINDOWS\system32\rsaenh.dll
0x769a0000 - 0x76a54000 	C:\WINDOWS\system32\USERENV.dll
0x5bd50000 - 0x5bda4000 	C:\WINDOWS\system32\netapi32.dll
0x6d6c0000 - 0x6d6d3000 	D:\Program Files\Java\jdk1.6.0_20\jre\bin\net.dll
0x71a90000 - 0x71aa7000 	C:\WINDOWS\system32\WS2_32.dll
0x71a80000 - 0x71a88000 	C:\WINDOWS\system32\WS2HELP.dll
0x71a30000 - 0x71a70000 	C:\WINDOWS\System32\mswsock.dll
0x76f10000 - 0x76f37000 	C:\WINDOWS\system32\DNSAPI.dll
0x76d50000 - 0x76d69000 	C:\WINDOWS\system32\iphlpapi.dll
0x76fa0000 - 0x76fa8000 	C:\WINDOWS\System32\winrnr.dll
0x76f50000 - 0x76f7d000 	C:\WINDOWS\system32\WLDAP32.dll
0x76fb0000 - 0x76fb6000 	C:\WINDOWS\system32\rasadhlp.dll
0x6d6e0000 - 0x6d6e9000 	D:\Program Files\Java\jdk1.6.0_20\jre\bin\nio.dll

VM Arguments:
jvm_args: -Dfile.encoding=windows-1251 -Djava.security.policy=applet.policy 
java_command: Main.MainGame
Launcher Type: SUN_STANDARD

Environment Variables:
PATH=C:\WINDOWS\system32;C:\WINDOWS;C:\WINDOWS\System32\Wbem;D:\gwt-2.5.0.rc1
USERNAME=Администратор
OS=Windows_NT
PROCESSOR_IDENTIFIER=x86 Family 6 Model 15 Stepping 6, GenuineIntel



---------------  S Y S T E M  ---------------

OS: Windows XP Build 2600 Service Pack 2

CPU:total 1 (2 cores per cpu, 1 threads per core) family 6 model 15 stepping 6, cmov, cx8, fxsr, mmx, sse, sse2, sse3, ssse3

Memory: 4k page, physical 523760k(8652k free), swap 591884k(2584k free)

vm_info: Java HotSpot(TM) Client VM (16.3-b01) for windows-x86 JRE (1.6.0_20-b02), built on Apr 12 2010 13:52:23 by "java_re" with MS VC++ 7.1 (VS2003)

time: Wed Nov 28 10:52:58 2012
elapsed time: 60 seconds

